C:\Users\Hamza\AppData\Local\Programs\CLion\bin\cmake\win\x64\bin\cmake.exe -DCMAKE_BUILD_TYPE=Debug -DCMAKE_MAKE_PROGRAM=C:/Users/Hamza/AppData/Local/Programs/CLion/bin/ninja/win/x64/ninja.exe -G Ninja -S "C:\Users\Hamza\OneDrive - ROC Alfa-college\Documenten\rt2d" -B "C:\Users\Hamza\OneDrive - ROC Alfa-college\Documenten\rt2d\cmake-build-debug"
CMake Deprecation Warning at CMakeLists.txt:2 (cmake_minimum_required):
  Compatibility with CMake < 3.5 will be removed from a future version of
  CMake.

  Update the VERSION argument <min> value or use a ...<max> suffix to tell
  CMake that the project does not need compatibility with older versions.


-- The C compiler identification is GNU 13.1.0
-- The CXX compiler identification is GNU 13.1.0
-- Detecting C compiler ABI info
-- Detecting C compiler ABI info - done
-- Check for working C compiler: C:/Users/Hamza/AppData/Local/Programs/CLion/bin/mingw/bin/gcc.exe - skipped
-- Detecting C compile features
-- Detecting C compile features - done
-- Detecting CXX compiler ABI info
-- Detecting CXX compiler ABI info - done
-- Check for working CXX compiler: C:/Users/Hamza/AppData/Local/Programs/CLion/bin/mingw/bin/g++.exe - skipped
-- Detecting CXX compile features
-- Detecting CXX compile features - done
Your Source Directory contains spaces. If you experience problems when compiling, this can be the cause.
Your Build Directory contains spaces. If you experience problems when compiling, this can be the cause.
-- Found OpenGL: opengl32   
CMake Deprecation Warning at external/glfw-3.3/CMakeLists.txt:1 (cmake_minimum_required):
  Compatibility with CMake < 3.5 will be removed from a future version of
  CMake.

  Update the VERSION argument <min> value or use a ...<max> suffix to tell
  CMake that the project does not need compatibility with older versions.


-- Performing Test CMAKE_HAVE_LIBC_PTHREAD
-- Performing Test CMAKE_HAVE_LIBC_PTHREAD - Success
-- Found Threads: TRUE  
-- Looking for dinput.h
-- Looking for dinput.h - found
-- Looking for xinput.h
-- Looking for xinput.h - found
-- Performing Test _GLFW_HAS_DEP
-- Performing Test _GLFW_HAS_DEP - Success
-- Performing Test _GLFW_HAS_ASLR
-- Performing Test _GLFW_HAS_ASLR - Success
-- Performing Test _GLFW_HAS_64ASLR
-- Performing Test _GLFW_HAS_64ASLR - Success
-- Using Win32 for window creation
-- Configuring done (12.4s)
-- Generating done (0.1s)
-- Build files have been written to: C:/Users/Hamza/OneDrive - ROC Alfa-college/Documenten/rt2d/cmake-build-debug

Problems were encountered while collecting compiler information:
	cc1plus.exe: fatal error: /W1: No such file or directory
	cc1plus.exe: fatal error: /D_CRT_SECURE_NO_WARNINGS: No such file or directory
	cc1plus.exe: fatal error: /wd4514: No such file or directory
	cc1plus.exe: fatal error: /nologo: No such file or directory
	cc1.exe: fatal error: /W1: No such file or directory
	cc1.exe: fatal error: /D_CRT_SECURE_NO_WARNINGS: No such file or directory
	cc1.exe: fatal error: /wd4514: No such file or directory
	cc1.exe: fatal error: /nologo: No such file or directory
